[+] Containers:
 |- [+] Container: /Game/??????????/map/to_be_continued
 |   |- [+] ActorDescs:
 |   |   |- Guid:A6AF988C4A359ED107DF3AA06613915A BaseClass: NativeClass:/Script/Engine.WorldDataLayers Name:WorldDataLayers Label:WorldDataLayers SpatiallyLoaded:0 Bounds:Invalid RuntimeGrid:None EditorOnly:0 RuntimeOnly:0 HLODRelevant:0 ListedInSceneOutliner:1 IsMainWorldOnly:1
 |   |- [+] Clusters:
 |   |   |- [+] [  0]
 |   |   |   |- Guid:A6AF988C4A359ED107DF3AA06613915A BaseClass: NativeClass:/Script/Engine.WorldDataLayers Name:WorldDataLayers Label:WorldDataLayers SpatiallyLoaded:0 Bounds:Invalid RuntimeGrid:None EditorOnly:0 RuntimeOnly:0 HLODRelevant:0 ListedInSceneOutliner:1 IsMainWorldOnly:1
 |- ContainerInstances:
 |- [+] MainContainer:
 |   |-        ID: 00000000000000000000000000000000
 |   |-  ParentID: 00000000000000000000000000000000
 |   |-    Bounds: IsValid=false, Min=(X=0.000 Y=0.000 Z=0.000), Max=(X=0.000 Y=0.000 Z=0.000)
 |   |- Transform: 0.000000,0.000000,0.000000|0.000000,0.000000,-0.000000|1.000000,1.000000,1.000000
 |   |- Container: /Game/??????????/map/to_be_continued
----------------------------------------------------------------------------------------------------------------
to_be_continued - Persistent Level
----------------------------------------------------------------------------------------------------------------
[+] Content of to_be_continued Persistent Level
 |- Always loaded Actor Count: 1 
 |- Actor Path: /Game/??????????/map/to_be_continued.to_be_continued:PersistentLevel.WorldDataLayers
 |- Actor Package: /Game/__ExternalActors__/??????????/map/to_be_continued/D/CQ/RCGUKC6LLF5Z8TYFP8GKOO

----------------------------------------------------------------------------------------------------------------
to_be_continued - Runtime Hash Set
----------------------------------------------------------------------------------------------------------------

